#
# There is insufficient memory for the Java Runtime Environment to continue.
# Native memory allocation (malloc) failed to allocate 1160016 bytes for Chunk::new
# Possible reasons:
#   The system is out of physical RAM or swap space
#   The process is running with CompressedOops enabled, and the Java Heap may be blocking the growth of the native heap
# Possible solutions:
#   Reduce memory load on the system
#   Increase physical memory or swap space
#   Check if swap backing store is full
#   Decrease Java heap size (-Xmx/-Xms)
#   Decrease number of Java threads
#   Decrease Java thread stack sizes (-Xss)
#   Set larger code cache with -XX:ReservedCodeCacheSize=
#   JVM is running with Unscaled Compressed Oops mode in which the Java heap is
#     placed in the first 4GB address space. The Java Heap base address is the
#     maximum limit for the native heap growth. Please use -XX:HeapBaseMinAddress
#     to set the Java Heap base and to place the Java Heap above 4GB virtual address.
# This output file may be truncated or incomplete.
#
#  Out of Memory Error (./src/hotspot/share/memory/arena.cpp:197), pid=7460, tid=10608
#
# JRE version: OpenJDK Runtime Environment (11.0.11+9) (build 11.0.11+9-b60-7590822)
# Java VM: OpenJDK 64-Bit Server VM (11.0.11+9-b60-7590822, mixed mode, tiered, compressed oops, g1 gc, windows-amd64)
# No core dump will be written. Minidumps are not enabled by default on client versions of Windows
#

---------------  S U M M A R Y ------------

Command Line: --add-opens=java.base/java.util=ALL-UNNAMED --add-opens=java.base/java.lang=ALL-UNNAMED --add-opens=java.base/java.lang.invoke=ALL-UNNAMED --add-opens=java.base/java.util=ALL-UNNAMED --add-opens=java.prefs/java.util.prefs=ALL-UNNAMED --add-opens=java.prefs/java.util.prefs=ALL-UNNAMED --add-opens=java.base/java.nio.charset=ALL-UNNAMED --add-opens=java.base/java.net=ALL-UNNAMED --add-opens=java.base/java.util.concurrent.atomic=ALL-UNNAMED -Xmx1536M -Dfile.encoding=windows-1252 -Duser.country=US -Duser.language=en -Duser.variant org.gradle.launcher.daemon.bootstrap.GradleDaemon 7.0.2

Host: Intel(R) Core(TM) i3-10100 CPU @ 3.60GHz, 8 cores, 11G,  Windows 10 , 64 bit Build 22000 (10.0.22000.434)
Time: Mon Feb 21 11:49:36 2022 Bangladesh Standard Time elapsed time: 761.642014 seconds (0d 0h 12m 41s)

---------------  T H R E A D  ---------------

Current thread (0x000001f67f59b800):  JavaThread "C2 CompilerThread0" daemon [_thread_in_native, id=10608, stack(0x000000f135d00000,0x000000f135e00000)]


Current CompileTask:
C2: 761642 13190       4       org.gradle.api.internal.DefaultNamedDomainObjectCollection::findByName (61 bytes)

Stack: [0x000000f135d00000,0x000000f135e00000]
Native frames: (J=compiled Java code, j=interpreted, Vv=VM code, C=native code)
V  [jvm.dll+0x5f214a]
V  [jvm.dll+0x726fb5]
V  [jvm.dll+0x7285cd]
V  [jvm.dll+0x728c83]
V  [jvm.dll+0x243278]
V  [jvm.dll+0xbc53c]
V  [jvm.dll+0xbca3c]
V  [jvm.dll+0x353e3b]
V  [jvm.dll+0x19875c]
V  [jvm.dll+0x1fc2ee]
V  [jvm.dll+0x1fb3d4]
V  [jvm.dll+0x183d6c]
V  [jvm.dll+0x209a57]
V  [jvm.dll+0x2082a1]
V  [jvm.dll+0x6ef58f]
V  [jvm.dll+0x6e80b5]
V  [jvm.dll+0x5f1036]
C  [ucrtbase.dll+0x26c0c]
C  [KERNEL32.DLL+0x154e0]
C  [ntdll.dll+0x485b]


---------------  P R O C E S S  ---------------

Threads class SMR info:
_java_thread_list=0x000001f61d35df20, length=52, elements={
0x000001f678433800, 0x000001f67f574800, 0x000001f67f57f800, 0x000001f67f591000,
0x000001f67f592000, 0x000001f67f594000, 0x000001f67f59b800, 0x000001f614065000,
0x000001f614077000, 0x000001f6141d7800, 0x000001f6158d3800, 0x000001f61459f800,
0x000001f614478800, 0x000001f61663e000, 0x000001f61663f000, 0x000001f616642000,
0x000001f616643000, 0x000001f61663f800, 0x000001f6180f8800, 0x000001f6180f9000,
0x000001f6180fa000, 0x000001f6180f4000, 0x000001f6180f6800, 0x000001f6180fe000,
0x000001f6180fd000, 0x000001f616431000, 0x000001f61642e000, 0x000001f61642e800,
0x000001f61642b800, 0x000001f616433800, 0x000001f616435000, 0x000001f616434800,
0x000001f61642f800, 0x000001f616436000, 0x000001f616430800, 0x000001f616437000,
0x000001f616437800, 0x000001f61643a000, 0x000001f616438800, 0x000001f616439800,
0x000001f6180f7800, 0x000001f6180ff000, 0x000001f6180fb800, 0x000001f6180ff800,
0x000001f618102000, 0x000001f618100800, 0x000001f618101800, 0x000001f6180fc800,
0x000001f618103000, 0x000001f616641000, 0x000001f61663d000, 0x000001f616640800
}

Java Threads: ( => current thread )
  0x000001f678433800 JavaThread "main" [_thread_blocked, id=7332, stack(0x000000f135100000,0x000000f135200000)]
  0x000001f67f574800 JavaThread "Reference Handler" daemon [_thread_blocked, id=10424, stack(0x000000f135800000,0x000000f135900000)]
  0x000001f67f57f800 JavaThread "Finalizer" daemon [_thread_blocked, id=9860, stack(0x000000f135900000,0x000000f135a00000)]
  0x000001f67f591000 JavaThread "Signal Dispatcher" daemon [_thread_blocked, id=7096, stack(0x000000f135a00000,0x000000f135b00000)]
  0x000001f67f592000 JavaThread "Attach Listener" daemon [_thread_blocked, id=10520, stack(0x000000f135b00000,0x000000f135c00000)]
  0x000001f67f594000 JavaThread "Service Thread" daemon [_thread_blocked, id=996, stack(0x000000f135c00000,0x000000f135d00000)]
=>0x000001f67f59b800 JavaThread "C2 CompilerThread0" daemon [_thread_in_native, id=10608, stack(0x000000f135d00000,0x000000f135e00000)]
  0x000001f614065000 JavaThread "C1 CompilerThread0" daemon [_thread_in_native, id=7604, stack(0x000000f135e00000,0x000000f135f00000)]
  0x000001f614077000 JavaThread "Sweeper thread" daemon [_thread_blocked, id=9484, stack(0x000000f135f00000,0x000000f136000000)]
  0x000001f6141d7800 JavaThread "Common-Cleaner" daemon [_thread_blocked, id=11444, stack(0x000000f136000000,0x000000f136100000)]
  0x000001f6158d3800 JavaThread "Daemon health stats" [_thread_blocked, id=10204, stack(0x000000f136700000,0x000000f136800000)]
  0x000001f61459f800 JavaThread "Incoming local TCP Connector on port 61460" [_thread_in_native, id=10532, stack(0x000000f136200000,0x000000f136300000)]
  0x000001f614478800 JavaThread "Daemon periodic checks" [_thread_blocked, id=12012, stack(0x000000f136300000,0x000000f136400000)]
  0x000001f61663e000 JavaThread "Cache worker for file hash cache (C:\Users\ysham\.gradle\caches\7.0.2\fileHashes)" [_thread_blocked, id=6976, stack(0x000000f136f00000,0x000000f137000000)]
  0x000001f61663f000 JavaThread "File lock request listener" [_thread_in_native, id=11184, stack(0x000000f137000000,0x000000f137100000)]
  0x000001f616642000 JavaThread "Cache worker for journal cache (C:\Users\ysham\.gradle\caches\journal-1)" [_thread_blocked, id=1984, stack(0x000000f137600000,0x000000f137700000)]
  0x000001f616643000 JavaThread "File watcher server" daemon [_thread_in_native, id=3608, stack(0x000000f137900000,0x000000f137a00000)]
  0x000001f61663f800 JavaThread "File watcher consumer" daemon [_thread_blocked, id=6688, stack(0x000000f137a00000,0x000000f137b00000)]
  0x000001f6180f8800 JavaThread "Cache worker for execution history cache (C:\Users\ysham\.gradle\caches\7.0.2\executionHistory)" [_thread_blocked, id=10984, stack(0x000000f137f00000,0x000000f138000000)]
  0x000001f6180f9000 JavaThread "jar transforms" [_thread_blocked, id=12248, stack(0x000000f138000000,0x000000f138100000)]
  0x000001f6180fa000 JavaThread "jar transforms Thread 2" [_thread_blocked, id=8044, stack(0x000000f138100000,0x000000f138200000)]
  0x000001f6180f4000 JavaThread "Cache worker for file content cache (C:\Users\ysham\.gradle\caches\7.0.2\fileContent)" [_thread_blocked, id=2716, stack(0x000000f138200000,0x000000f138300000)]
  0x000001f6180f6800 JavaThread "jar transforms Thread 3" [_thread_blocked, id=8020, stack(0x000000f138300000,0x000000f138400000)]
  0x000001f6180fe000 JavaThread "jar transforms Thread 4" [_thread_blocked, id=2704, stack(0x000000f138400000,0x000000f138500000)]
  0x000001f6180fd000 JavaThread "jar transforms Thread 5" [_thread_blocked, id=10924, stack(0x000000f138600000,0x000000f138700000)]
  0x000001f616431000 JavaThread "jar transforms Thread 6" [_thread_blocked, id=6036, stack(0x000000f139000000,0x000000f139100000)]
  0x000001f61642e000 JavaThread "jar transforms Thread 7" [_thread_blocked, id=7632, stack(0x000000f139100000,0x000000f139200000)]
  0x000001f61642e800 JavaThread "jar transforms Thread 8" [_thread_blocked, id=3784, stack(0x000000f139200000,0x000000f139300000)]
  0x000001f61642b800 JavaThread "Memory manager" [_thread_blocked, id=4336, stack(0x000000f137e00000,0x000000f137f00000)]
  0x000001f616433800 JavaThread "Daemon Thread 2" [_thread_blocked, id=10180, stack(0x000000f134e00000,0x000000f134f00000)]
  0x000001f616435000 JavaThread "Handler for socket connection from /127.0.0.1:61460 to /127.0.0.1:53458" [_thread_in_native, id=7200, stack(0x000000f134f00000,0x000000f135000000)]
  0x000001f616434800 JavaThread "Cancel handler" [_thread_blocked, id=7696, stack(0x000000f135000000,0x000000f135100000)]
  0x000001f61642f800 JavaThread "Daemon worker Thread 2" [_thread_in_Java, id=11056, stack(0x000000f136800000,0x000000f136900000)]
  0x000001f616436000 JavaThread "Asynchronous log dispatcher for DefaultDaemonConnection: socket connection from /127.0.0.1:61460 to /127.0.0.1:53458" [_thread_blocked, id=10880, stack(0x000000f136900000,0x000000f136a00000)]
  0x000001f616430800 JavaThread "Stdin handler" [_thread_blocked, id=12828, stack(0x000000f136a00000,0x000000f136b00000)]
  0x000001f616437000 JavaThread "Daemon client event forwarder" [_thread_blocked, id=9756, stack(0x000000f136b00000,0x000000f136c00000)]
  0x000001f616437800 JavaThread "Cache worker for file hash cache (E:\Flutter\op123\android\.gradle\7.0.2\fileHashes)" [_thread_blocked, id=10764, stack(0x000000f136c00000,0x000000f136d00000)]
  0x000001f61643a000 JavaThread "Cache worker for checksums cache (E:\Flutter\op123\android\.gradle\checksums)" [_thread_blocked, id=11464, stack(0x000000f136d00000,0x000000f136e00000)]
  0x000001f616438800 JavaThread "Cache worker for cache directory md-supplier (C:\Users\ysham\.gradle\caches\7.0.2\md-supplier)" [_thread_blocked, id=3844, stack(0x000000f136e00000,0x000000f136f00000)]
  0x000001f616439800 JavaThread "Cache worker for cache directory md-rule (C:\Users\ysham\.gradle\caches\7.0.2\md-rule)" [_thread_blocked, id=12500, stack(0x000000f137700000,0x000000f137800000)]
  0x000001f6180f7800 JavaThread "Cache worker for dependencies-accessors (E:\Flutter\op123\android\.gradle\7.0.2\dependencies-accessors)" [_thread_blocked, id=9624, stack(0x000000f137800000,0x000000f137900000)]
  0x000001f6180ff000 JavaThread "Cache worker for Build Output Cleanup Cache (E:\Flutter\op123\android\.gradle\buildOutputCleanup)" [_thread_blocked, id=4944, stack(0x000000f137b00000,0x000000f137c00000)]
  0x000001f6180fb800 JavaThread "C2 CompilerThread1" daemon [_thread_in_native, id=2012, stack(0x000000f137c00000,0x000000f137d00000)]
  0x000001f6180ff800 JavaThread "C2 CompilerThread2" daemon [_thread_in_native, id=5628, stack(0x000000f137d00000,0x000000f137e00000)]
  0x000001f618102000 JavaThread "Build operations" [_thread_blocked, id=5516, stack(0x000000f138500000,0x000000f138600000)]
  0x000001f618100800 JavaThread "Build operations Thread 2" [_thread_blocked, id=2420, stack(0x000000f138700000,0x000000f138800000)]
  0x000001f618101800 JavaThread "Build operations Thread 3" [_thread_blocked, id=5188, stack(0x000000f138800000,0x000000f138900000)]
  0x000001f6180fc800 JavaThread "Build operations Thread 4" [_thread_blocked, id=1280, stack(0x000000f138900000,0x000000f138a00000)]
  0x000001f618103000 JavaThread "Build operations Thread 5" [_thread_blocked, id=8832, stack(0x000000f138a00000,0x000000f138b00000)]
  0x000001f616641000 JavaThread "Build operations Thread 6" [_thread_blocked, id=7616, stack(0x000000f138b00000,0x000000f138c00000)]
  0x000001f61663d000 JavaThread "Build operations Thread 7" [_thread_blocked, id=11668, stack(0x000000f138c00000,0x000000f138d00000)]
  0x000001f616640800 JavaThread "Build operations Thread 8" [_thread_blocked, id=7368, stack(0x000000f138d00000,0x000000f138e00000)]

Other Threads:
  0x000001f67f573000 VMThread "VM Thread" [stack: 0x000000f135700000,0x000000f135800000] [id=6844]
  0x000001f6141e4800 WatcherThread [stack: 0x000000f136100000,0x000000f136200000] [id=13240]
  0x000001f678448000 GCTaskThread "GC Thread#0" [stack: 0x000000f135200000,0x000000f135300000] [id=1400]
  0x000001f614dbd800 GCTaskThread "GC Thread#1" [stack: 0x000000f136400000,0x000000f136500000] [id=11272]
  0x000001f61484a000 GCTaskThread "GC Thread#2" [stack: 0x000000f136500000,0x000000f136600000] [id=8816]
  0x000001f614738000 GCTaskThread "GC Thread#3" [stack: 0x000000f136600000,0x000000f136700000] [id=12972]
  0x000001f6157e1800 GCTaskThread "GC Thread#4" [stack: 0x000000f137100000,0x000000f137200000] [id=9672]
  0x000001f615667800 GCTaskThread "GC Thread#5" [stack: 0x000000f137200000,0x000000f137300000] [id=12420]
  0x000001f6156f5800 GCTaskThread "GC Thread#6" [stack: 0x000000f137300000,0x000000f137400000] [id=12100]
  0x000001f617815000 GCTaskThread "GC Thread#7" [stack: 0x000000f137400000,0x000000f137500000] [id=12376]
  0x000001f67846e000 ConcurrentGCThread "G1 Main Marker" [stack: 0x000000f135300000,0x000000f135400000] [id=9348]
  0x000001f67846f800 ConcurrentGCThread "G1 Conc#0" [stack: 0x000000f135400000,0x000000f135500000] [id=11904]
  0x000001f614fe5800 ConcurrentGCThread "G1 Conc#1" [stack: 0x000000f137500000,0x000000f137600000] [id=6432]
  0x000001f67850e800 ConcurrentGCThread "G1 Refine#0" [stack: 0x000000f135500000,0x000000f135600000] [id=11640]
  0x000001f67f3d9000 ConcurrentGCThread "G1 Young RemSet Sampling" [stack: 0x000000f135600000,0x000000f135700000] [id=6040]

Threads with active compile tasks:
C2 CompilerThread0 761659 13190       4       org.gradle.api.internal.DefaultNamedDomainObjectCollection::findByName (61 bytes)
C2 CompilerThread1 761659 13371       4       java.lang.StringLatin1::compareToCI (108 bytes)
C2 CompilerThread2 761659 13149   !   4       org.gradle.api.internal.provider.DefaultProvider::calculateOwnValue (19 bytes)

VM state:not at safepoint (normal execution)

VM Mutex/Monitor currently owned by a thread: None

Heap address: 0x00000000a0000000, size: 1536 MB, Compressed Oops mode: 32-bit
Narrow klass base: 0x0000000000000000, Narrow klass shift: 3
Compressed class space size: 1073741824 Address: 0x0000000100000000

Heap:
 garbage-first heap   total 194560K, used 152591K [0x00000000a0000000, 0x0000000100000000)
  region size 1024K, 37 young (37888K), 2 survivors (2048K)
 Metaspace       used 88957K, capacity 93034K, committed 93260K, reserved 1130496K
  class space    used 11546K, capacity 12819K, committed 12928K, reserved 1048576K
Heap Regions: E=young(eden), S=young(survivor), O=old, HS=humongous(starts), HC=humongous(continues), CS=collection set, F=free, A=archive, TAMS=top-at-mark-start (previous, next)
|   0|0x00000000a0000000, 0x00000000a0100000, 0x00000000a0100000|100%| O|  |TAMS 0x00000000a0100000, 0x00000000a0000000| Untracked 
|   1|0x00000000a0100000, 0x00000000a0200000, 0x00000000a0200000|100%| O|  |TAMS 0x00000000a0200000, 0x00000000a0100000| Untracked 
|   2|0x00000000a0200000, 0x00000000a0300000, 0x00000000a0300000|100%| O|  |TAMS 0x00000000a0300000, 0x00000000a0200000| Untracked 
|   3|0x00000000a0300000, 0x00000000a0400000, 0x00000000a0400000|100%|HS|  |TAMS 0x00000000a0400000, 0x00000000a0300000| Complete 
|   4|0x00000000a0400000, 0x00000000a0500000, 0x00000000a0500000|100%|HC|  |TAMS 0x00000000a0500000, 0x00000000a0400000| Complete 
|   5|0x00000000a0500000, 0x00000000a0600000, 0x00000000a0600000|100%|HC|  |TAMS 0x00000000a0600000, 0x00000000a0500000| Complete 
|   6|0x00000000a0600000, 0x00000000a0700000, 0x00000000a0700000|100%| O|  |TAMS 0x00000000a0700000, 0x00000000a0600000| Untracked 
|   7|0x00000000a0700000, 0x00000000a0800000, 0x00000000a0800000|100%| O|  |TAMS 0x00000000a0800000, 0x00000000a0700000| Untracked 
|   8|0x00000000a0800000, 0x00000000a0900000, 0x00000000a0900000|100%| O|  |TAMS 0x00000000a0900000, 0x00000000a0800000| Untracked 
|   9|0x00000000a0900000, 0x00000000a0a00000, 0x00000000a0a00000|100%| O|  |TAMS 0x00000000a0a00000, 0x00000000a0900000| Untracked 
|  10|0x00000000a0a00000, 0x00000000a0b00000, 0x00000000a0b00000|100%| O|  |TAMS 0x00000000a0b00000, 0x00000000a0a00000| Untracked 
|  11|0x00000000a0b00000, 0x00000000a0c00000, 0x00000000a0c00000|100%| O|  |TAMS 0x00000000a0c00000, 0x00000000a0b00000| Untracked 
|  12|0x00000000a0c00000, 0x00000000a0d00000, 0x00000000a0d00000|100%| O|  |TAMS 0x00000000a0d00000, 0x00000000a0c00000| Untracked 
|  13|0x00000000a0d00000, 0x00000000a0e00000, 0x00000000a0e00000|100%| O|  |TAMS 0x00000000a0e00000, 0x00000000a0d00000| Untracked 
|  14|0x00000000a0e00000, 0x00000000a0f00000, 0x00000000a0f00000|100%| O|  |TAMS 0x00000000a0f00000, 0x00000000a0e00000| Untracked 
|  15|0x00000000a0f00000, 0x00000000a1000000, 0x00000000a1000000|100%| O|  |TAMS 0x00000000a1000000, 0x00000000a0f00000| Untracked 
|  16|0x00000000a1000000, 0x00000000a1100000, 0x00000000a1100000|100%|HS|  |TAMS 0x00000000a1100000, 0x00000000a1000000| Complete 
|  17|0x00000000a1100000, 0x00000000a1200000, 0x00000000a1200000|100%|HS|  |TAMS 0x00000000a1200000, 0x00000000a1100000| Complete 
|  18|0x00000000a1200000, 0x00000000a1300000, 0x00000000a1300000|100%|HS|  |TAMS 0x00000000a1300000, 0x00000000a1200000| Complete 
|  19|0x00000000a1300000, 0x00000000a1400000, 0x00000000a1400000|100%|HC|  |TAMS 0x00000000a1400000, 0x00000000a1300000| Complete 
|  20|0x00000000a1400000, 0x00000000a1500000, 0x00000000a1500000|100%|HC|  |TAMS 0x00000000a1500000, 0x00000000a1400000| Complete 
|  21|0x00000000a1500000, 0x00000000a1600000, 0x00000000a1600000|100%|HS|  |TAMS 0x00000000a1600000, 0x00000000a1500000| Complete 
|  22|0x00000000a1600000, 0x00000000a1700000, 0x00000000a1700000|100%|HC|  |TAMS 0x00000000a1700000, 0x00000000a1600000| Complete 
|  23|0x00000000a1700000, 0x00000000a1800000, 0x00000000a1800000|100%| O|  |TAMS 0x00000000a1800000, 0x00000000a1700000| Untracked 
|  24|0x00000000a1800000, 0x00000000a1900000, 0x00000000a1900000|100%| O|  |TAMS 0x00000000a1900000, 0x00000000a1800000| Untracked 
|  25|0x00000000a1900000, 0x00000000a1a00000, 0x00000000a1a00000|100%| O|  |TAMS 0x00000000a1a00000, 0x00000000a1900000| Untracked 
|  26|0x00000000a1a00000, 0x00000000a1b00000, 0x00000000a1b00000|100%| O|  |TAMS 0x00000000a1b00000, 0x00000000a1a00000| Untracked 
|  27|0x00000000a1b00000, 0x00000000a1c00000, 0x00000000a1c00000|100%| O|  |TAMS 0x00000000a1c00000, 0x00000000a1b00000| Untracked 
|  28|0x00000000a1c00000, 0x00000000a1d00000, 0x00000000a1d00000|100%| O|  |TAMS 0x00000000a1d00000, 0x00000000a1c00000| Untracked 
|  29|0x00000000a1d00000, 0x00000000a1e00000, 0x00000000a1e00000|100%| O|  |TAMS 0x00000000a1e00000, 0x00000000a1d00000| Untracked 
|  30|0x00000000a1e00000, 0x00000000a1f00000, 0x00000000a1f00000|100%| O|  |TAMS 0x00000000a1f00000, 0x00000000a1e00000| Untracked 
|  31|0x00000000a1f00000, 0x00000000a2000000, 0x00000000a2000000|100%| O|  |TAMS 0x00000000a2000000, 0x00000000a1f00000| Untracked 
|  32|0x00000000a2000000, 0x00000000a2100000, 0x00000000a2100000|100%| O|  |TAMS 0x00000000a2100000, 0x00000000a2000000| Untracked 
|  33|0x00000000a2100000, 0x00000000a2200000, 0x00000000a2200000|100%| O|  |TAMS 0x00000000a2200000, 0x00000000a2100000| Untracked 
|  34|0x00000000a2200000, 0x00000000a2300000, 0x00000000a2300000|100%| O|  |TAMS 0x00000000a2300000, 0x00000000a2200000| Untracked 
|  35|0x00000000a2300000, 0x00000000a2400000, 0x00000000a2400000|100%| O|  |TAMS 0x00000000a2400000, 0x00000000a2300000| Untracked 
|  36|0x00000000a2400000, 0x00000000a2500000, 0x00000000a2500000|100%| O|  |TAMS 0x00000000a2500000, 0x00000000a2400000| Untracked 
|  37|0x00000000a2500000, 0x00000000a2600000, 0x00000000a2600000|100%| O|  |TAMS 0x00000000a2600000, 0x00000000a2500000| Untracked 
|  38|0x00000000a2600000, 0x00000000a2700000, 0x00000000a2700000|100%| O|  |TAMS 0x00000000a2700000, 0x00000000a2600000| Untracked 
|  39|0x00000000a2700000, 0x00000000a2800000, 0x00000000a2800000|100%| O|  |TAMS 0x00000000a2800000, 0x00000000a2700000| Untracked 
|  40|0x00000000a2800000, 0x00000000a2900000, 0x00000000a2900000|100%| O|  |TAMS 0x00000000a2900000, 0x00000000a2800000| Untracked 
|  41|0x00000000a2900000, 0x00000000a2a00000, 0x00000000a2a00000|100%| O|  |TAMS 0x00000000a2a00000, 0x00000000a2900000| Untracked 
|  42|0x00000000a2a00000, 0x00000000a2b00000, 0x00000000a2b00000|100%| O|  |TAMS 0x00000000a2b00000, 0x00000000a2a00000| Untracked 
|  43|0x00000000a2b00000, 0x00000000a2c00000, 0x00000000a2c00000|100%| O|  |TAMS 0x00000000a2c00000, 0x00000000a2b00000| Untracked 
|  44|0x00000000a2c00000, 0x00000000a2d00000, 0x00000000a2d00000|100%| O|  |TAMS 0x00000000a2d00000, 0x00000000a2c00000| Untracked 
|  45|0x00000000a2d00000, 0x00000000a2e00000, 0x00000000a2e00000|100%|HS|  |TAMS 0x00000000a2e00000, 0x00000000a2d00000| Complete 
|  46|0x00000000a2e00000, 0x00000000a2f00000, 0x00000000a2f00000|100%|HS|  |TAMS 0x00000000a2f00000, 0x00000000a2e00000| Complete 
|  47|0x00000000a2f00000, 0x00000000a3000000, 0x00000000a3000000|100%|HC|  |TAMS 0x00000000a3000000, 0x00000000a2f00000| Complete 
|  48|0x00000000a3000000, 0x00000000a3100000, 0x00000000a3100000|100%| O|  |TAMS 0x00000000a3100000, 0x00000000a3000000| Untracked 
|  49|0x00000000a3100000, 0x00000000a3200000, 0x00000000a3200000|100%| O|  |TAMS 0x00000000a3200000, 0x00000000a3100000| Untracked 
|  50|0x00000000a3200000, 0x00000000a3300000, 0x00000000a3300000|100%| O|  |TAMS 0x00000000a3300000, 0x00000000a3200000| Untracked 
|  51|0x00000000a3300000, 0x00000000a3400000, 0x00000000a3400000|100%| O|  |TAMS 0x00000000a3400000, 0x00000000a3300000| Untracked 
|  52|0x00000000a3400000, 0x00000000a3500000, 0x00000000a3500000|100%| O|  |TAMS 0x00000000a3500000, 0x00000000a3400000| Untracked 
|  53|0x00000000a3500000, 0x00000000a3600000, 0x00000000a3600000|100%| O|  |TAMS 0x00000000a3600000, 0x00000000a3500000| Untracked 
|  54|0x00000000a3600000, 0x00000000a3700000, 0x00000000a3700000|100%| O|  |TAMS 0x00000000a3700000, 0x00000000a3600000| Untracked 
|  55|0x00000000a3700000, 0x00000000a3800000, 0x00000000a3800000|100%| O|  |TAMS 0x00000000a3800000, 0x00000000a3700000| Untracked 
|  56|0x00000000a3800000, 0x00000000a3900000, 0x00000000a3900000|100%| O|  |TAMS 0x00000000a3900000, 0x00000000a3800000| Untracked 
|  57|0x00000000a3900000, 0x00000000a3a00000, 0x00000000a3a00000|100%| O|  |TAMS 0x00000000a3a00000, 0x00000000a3900000| Untracked 
|  58|0x00000000a3a00000, 0x00000000a3b00000, 0x00000000a3b00000|100%| O|  |TAMS 0x00000000a3b00000, 0x00000000a3a00000| Untracked 
|  59|0x00000000a3b00000, 0x00000000a3c00000, 0x00000000a3c00000|100%| O|  |TAMS 0x00000000a3c00000, 0x00000000a3b00000| Untracked 
|  60|0x00000000a3c00000, 0x00000000a3d00000, 0x00000000a3d00000|100%| O|  |TAMS 0x00000000a3d00000, 0x00000000a3c00000| Untracked 
|  61|0x00000000a3d00000, 0x00000000a3e00000, 0x00000000a3e00000|100%| O|  |TAMS 0x00000000a3e00000, 0x00000000a3d00000| Untracked 
|  62|0x00000000a3e00000, 0x00000000a3f00000, 0x00000000a3f00000|100%| O|  |TAMS 0x00000000a3f00000, 0x00000000a3e00000| Untracked 
|  63|0x00000000a3f00000, 0x00000000a4000000, 0x00000000a4000000|100%| O|  |TAMS 0x00000000a4000000, 0x00000000a3f00000| Untracked 
|  64|0x00000000a4000000, 0x00000000a4100000, 0x00000000a4100000|100%| O|  |TAMS 0x00000000a4100000, 0x00000000a4000000| Untracked 
|  65|0x00000000a4100000, 0x00000000a4200000, 0x00000000a4200000|100%| O|  |TAMS 0x00000000a4200000, 0x00000000a4100000| Untracked 
|  66|0x00000000a4200000, 0x00000000a4300000, 0x00000000a4300000|100%|HS|  |TAMS 0x00000000a4300000, 0x00000000a4200000| Complete 
|  67|0x00000000a4300000, 0x00000000a4400000, 0x00000000a4400000|100%| O|  |TAMS 0x00000000a4400000, 0x00000000a4300000| Untracked 
|  68|0x00000000a4400000, 0x00000000a4500000, 0x00000000a4500000|100%| O|  |TAMS 0x00000000a4500000, 0x00000000a4400000| Untracked 
|  69|0x00000000a4500000, 0x00000000a4600000, 0x00000000a4600000|100%| O|  |TAMS 0x00000000a4600000, 0x00000000a4500000| Untracked 
|  70|0x00000000a4600000, 0x00000000a4700000, 0x00000000a4700000|100%| O|  |TAMS 0x00000000a4700000, 0x00000000a4600000| Untracked 
|  71|0x00000000a4700000, 0x00000000a4800000, 0x00000000a4800000|100%| O|  |TAMS 0x00000000a4800000, 0x00000000a4700000| Untracked 
|  72|0x00000000a4800000, 0x00000000a4900000, 0x00000000a4900000|100%| O|  |TAMS 0x00000000a4900000, 0x00000000a4800000| Untracked 
|  73|0x00000000a4900000, 0x00000000a4a00000, 0x00000000a4a00000|100%|HS|  |TAMS 0x00000000a4a00000, 0x00000000a4900000| Complete 
|  74|0x00000000a4a00000, 0x00000000a4b00000, 0x00000000a4b00000|100%|HC|  |TAMS 0x00000000a4b00000, 0x00000000a4a00000| Complete 
|  75|0x00000000a4b00000, 0x00000000a4c00000, 0x00000000a4c00000|100%|HC|  |TAMS 0x00000000a4c00000, 0x00000000a4b00000| Complete 
|  76|0x00000000a4c00000, 0x00000000a4d00000, 0x00000000a4d00000|100%| O|  |TAMS 0x00000000a4d00000, 0x00000000a4c00000| Untracked 
|  77|0x00000000a4d00000, 0x00000000a4e00000, 0x00000000a4e00000|100%| O|  |TAMS 0x00000000a4e00000, 0x00000000a4d00000| Untracked 
|  78|0x00000000a4e00000, 0x00000000a4f00000, 0x00000000a4f00000|100%| O|  |TAMS 0x00000000a4f00000, 0x00000000a4e00000| Untracked 
|  79|0x00000000a4f00000, 0x00000000a5000000, 0x00000000a5000000|100%| O|  |TAMS 0x00000000a5000000, 0x00000000a4f00000| Untracked 
|  80|0x00000000a5000000, 0x00000000a5100000, 0x00000000a5100000|100%| O|  |TAMS 0x00000000a5100000, 0x00000000a5000000| Untracked 
|  81|0x00000000a5100000, 0x00000000a5200000, 0x00000000a5200000|100%| O|  |TAMS 0x00000000a5200000, 0x00000000a5100000| Untracked 
|  82|0x00000000a5200000, 0x00000000a5300000, 0x00000000a5300000|100%| O|  |TAMS 0x00000000a5300000, 0x00000000a5200000| Untracked 
|  83|0x00000000a5300000, 0x00000000a5300000, 0x00000000a5400000|  0%| F|  |TAMS 0x00000000a5300000, 0x00000000a5300000| Untracked 
|  84|0x00000000a5400000, 0x00000000a5400000, 0x00000000a5500000|  0%| F|  |TAMS 0x00000000a5400000, 0x00000000a5400000| Untracked 
|  85|0x00000000a5500000, 0x00000000a5600000, 0x00000000a5600000|100%| O|  |TAMS 0x00000000a5600000, 0x00000000a5500000| Untracked 
|  86|0x00000000a5600000, 0x00000000a5700000, 0x00000000a5700000|100%| O|  |TAMS 0x00000000a5700000, 0x00000000a5600000| Untracked 
|  87|0x00000000a5700000, 0x00000000a5800000, 0x00000000a5800000|100%| O|  |TAMS 0x00000000a5700000, 0x00000000a5700000| Untracked 
|  88|0x00000000a5800000, 0x00000000a5900000, 0x00000000a5900000|100%| O|  |TAMS 0x00000000a5800000, 0x00000000a5800000| Untracked 
|  89|0x00000000a5900000, 0x00000000a5a00000, 0x00000000a5a00000|100%| O|  |TAMS 0x00000000a5a00000, 0x00000000a5900000| Untracked 
|  90|0x00000000a5a00000, 0x00000000a5b00000, 0x00000000a5b00000|100%| O|  |TAMS 0x00000000a5b00000, 0x00000000a5a00000| Untracked 
|  91|0x00000000a5b00000, 0x00000000a5c00000, 0x00000000a5c00000|100%| O|  |TAMS 0x00000000a5c00000, 0x00000000a5b00000| Untracked 
|  92|0x00000000a5c00000, 0x00000000a5d00000, 0x00000000a5d00000|100%| O|  |TAMS 0x00000000a5d00000, 0x00000000a5c00000| Untracked 
|  93|0x00000000a5d00000, 0x00000000a5e00000, 0x00000000a5e00000|100%| O|  |TAMS 0x00000000a5e00000, 0x00000000a5d00000| Untracked 
|  94|0x00000000a5e00000, 0x00000000a5f00000, 0x00000000a5f00000|100%| O|  |TAMS 0x00000000a5e00000, 0x00000000a5e00000| Untracked 
|  95|0x00000000a5f00000, 0x00000000a6000000, 0x00000000a6000000|100%| O|  |TAMS 0x00000000a5f00000, 0x00000000a5f00000| Untracked 
|  96|0x00000000a6000000, 0x00000000a6076e00, 0x00000000a6100000| 46%| O|  |TAMS 0x00000000a6000000, 0x00000000a6000000| Untracked 
|  97|0x00000000a6100000, 0x00000000a6100000, 0x00000000a6200000|  0%| F|  |TAMS 0x00000000a6100000, 0x00000000a6100000| Untracked 
|  98|0x00000000a6200000, 0x00000000a6200000, 0x00000000a6300000|  0%| F|  |TAMS 0x00000000a6200000, 0x00000000a6200000| Untracked 
|  99|0x00000000a6300000, 0x00000000a6300000, 0x00000000a6400000|  0%| F|  |TAMS 0x00000000a6300000, 0x00000000a6300000| Untracked 
| 100|0x00000000a6400000, 0x00000000a6500000, 0x00000000a6500000|100%| O|  |TAMS 0x00000000a6500000, 0x00000000a6400000| Untracked 
| 101|0x00000000a6500000, 0x00000000a6600000, 0x00000000a6600000|100%| O|  |TAMS 0x00000000a6600000, 0x00000000a6500000| Untracked 
| 102|0x00000000a6600000, 0x00000000a6600000, 0x00000000a6700000|  0%| F|  |TAMS 0x00000000a6600000, 0x00000000a6600000| Untracked 
| 103|0x00000000a6700000, 0x00000000a6700000, 0x00000000a6800000|  0%| F|  |TAMS 0x00000000a6700000, 0x00000000a6700000| Untracked 
| 104|0x00000000a6800000, 0x00000000a6800000, 0x00000000a6900000|  0%| F|  |TAMS 0x00000000a6800000, 0x00000000a6800000| Untracked 
| 105|0x00000000a6900000, 0x00000000a6900000, 0x00000000a6a00000|  0%| F|  |TAMS 0x00000000a6900000, 0x00000000a6900000| Untracked 
| 106|0x00000000a6a00000, 0x00000000a6a00000, 0x00000000a6b00000|  0%| F|  |TAMS 0x00000000a6a00000, 0x00000000a6a00000| Untracked 
| 107|0x00000000a6b00000, 0x00000000a6b00000, 0x00000000a6c00000|  0%| F|  |TAMS 0x00000000a6b00000, 0x00000000a6b00000| Untracked 
| 108|0x00000000a6c00000, 0x00000000a6c00000, 0x00000000a6d00000|  0%| F|  |TAMS 0x00000000a6c00000, 0x00000000a6c00000| Untracked 
| 109|0x00000000a6d00000, 0x00000000a6d00000, 0x00000000a6e00000|  0%| F|  |TAMS 0x00000000a6d00000, 0x00000000a6d00000| Untracked 
| 110|0x00000000a6e00000, 0x00000000a6e00000, 0x00000000a6f00000|  0%| F|  |TAMS 0x00000000a6e00000, 0x00000000a6e00000| Untracked 
| 111|0x00000000a6f00000, 0x00000000a6f00000, 0x00000000a7000000|  0%| F|  |TAMS 0x00000000a6f00000, 0x00000000a6f00000| Untracked 
| 112|0x00000000a7000000, 0x00000000a7000000, 0x00000000a7100000|  0%| F|  |TAMS 0x00000000a7000000, 0x00000000a7000000| Untracked 
| 113|0x00000000a7100000, 0x00000000a7100000, 0x00000000a7200000|  0%| F|  |TAMS 0x00000000a7100000, 0x00000000a7100000| Untracked 
| 114|0x00000000a7200000, 0x00000000a7200000, 0x00000000a7300000|  0%| F|  |TAMS 0x00000000a7200000, 0x00000000a7200000| Untracked 
| 115|0x00000000a7300000, 0x00000000a7300000, 0x00000000a7400000|  0%| F|  |TAMS 0x00000000a7300000, 0x00000000a7300000| Untracked 
| 116|0x00000000a7400000, 0x00000000a7500000, 0x00000000a7500000|100%| O|  |TAMS 0x00000000a7500000, 0x00000000a7400000| Untracked 
| 117|0x00000000a7500000, 0x00000000a7500000, 0x00000000a7600000|  0%| F|  |TAMS 0x00000000a7500000, 0x00000000a7500000| Untracked 
| 118|0x00000000a7600000, 0x00000000a7600000, 0x00000000a7700000|  0%| F|  |TAMS 0x00000000a7600000, 0x00000000a7600000| Untracked 
| 119|0x00000000a7700000, 0x00000000a7700000, 0x00000000a7800000|  0%| F|  |TAMS 0x00000000a7700000, 0x00000000a7700000| Untracked 
| 120|0x00000000a7800000, 0x00000000a7800000, 0x00000000a7900000|  0%| F|  |TAMS 0x00000000a7800000, 0x00000000a7800000| Untracked 
| 121|0x00000000a7900000, 0x00000000a7900000, 0x00000000a7a00000|  0%| F|  |TAMS 0x00000000a7900000, 0x00000000a7900000| Untracked 
| 122|0x00000000a7a00000, 0x00000000a7b00000, 0x00000000a7b00000|100%| O|  |TAMS 0x00000000a7b00000, 0x00000000a7a00000| Untracked 
| 123|0x00000000a7b00000, 0x00000000a7c00000, 0x00000000a7c00000|100%| O|  |TAMS 0x00000000a7c00000, 0x00000000a7b00000| Untracked 
| 124|0x00000000a7c00000, 0x00000000a7d00000, 0x00000000a7d00000|100%| O|  |TAMS 0x00000000a7d00000, 0x00000000a7c00000| Untracked 
| 125|0x00000000a7d00000, 0x00000000a7e00000, 0x00000000a7e00000|100%| O|  |TAMS 0x00000000a7ddc400, 0x00000000a7d00000| Untracked 
| 126|0x00000000a7e00000, 0x00000000a7f00000, 0x00000000a7f00000|100%| O|  |TAMS 0x00000000a7e00000, 0x00000000a7e00000| Untracked 
| 127|0x00000000a7f00000, 0x00000000a8000000, 0x00000000a8000000|100%| O|  |TAMS 0x00000000a7f00000, 0x00000000a7f00000| Untracked 
| 128|0x00000000a8000000, 0x00000000a8100000, 0x00000000a8100000|100%| O|  |TAMS 0x00000000a8000000, 0x00000000a8000000| Untracked 
| 129|0x00000000a8100000, 0x00000000a8200000, 0x00000000a8200000|100%| O|  |TAMS 0x00000000a8100000, 0x00000000a8100000| Untracked 
| 130|0x00000000a8200000, 0x00000000a8300000, 0x00000000a8300000|100%| O|  |TAMS 0x00000000a8200000, 0x00000000a8200000| Untracked 
| 131|0x00000000a8300000, 0x00000000a8400000, 0x00000000a8400000|100%| O|  |TAMS 0x00000000a8300000, 0x00000000a8300000| Untracked 
| 132|0x00000000a8400000, 0x00000000a8500000, 0x00000000a8500000|100%| O|  |TAMS 0x00000000a8400000, 0x00000000a8400000| Untracked 
| 133|0x00000000a8500000, 0x00000000a8600000, 0x00000000a8600000|100%| O|  |TAMS 0x00000000a8500000, 0x00000000a8500000| Untracked 
| 134|0x00000000a8600000, 0x00000000a8700000, 0x00000000a8700000|100%| O|  |TAMS 0x00000000a8600000, 0x00000000a8600000| Untracked 
| 135|0x00000000a8700000, 0x00000000a8800000, 0x00000000a8800000|100%| O|  |TAMS 0x00000000a8700000, 0x00000000a8700000| Untracked 
| 136|0x00000000a8800000, 0x00000000a8900000, 0x00000000a8900000|100%| O|  |TAMS 0x00000000a8800000, 0x00000000a8800000| Untracked 
| 137|0x00000000a8900000, 0x00000000a8a00000, 0x00000000a8a00000|100%| O|  |TAMS 0x00000000a8900000, 0x00000000a8900000| Untracked 
| 138|0x00000000a8a00000, 0x00000000a8a00000, 0x00000000a8b00000|  0%| F|  |TAMS 0x00000000a8a00000, 0x00000000a8a00000| Untracked 
| 139|0x00000000a8b00000, 0x00000000a8b00000, 0x00000000a8c00000|  0%| F|  |TAMS 0x00000000a8b00000, 0x00000000a8b00000| Untracked 
| 140|0x00000000a8c00000, 0x00000000a8c00000, 0x00000000a8d00000|  0%| F|  |TAMS 0x00000000a8c00000, 0x00000000a8c00000| Untracked 
| 141|0x00000000a8d00000, 0x00000000a8d00000, 0x00000000a8e00000|  0%| F|  |TAMS 0x00000000a8d00000, 0x00000000a8d00000| Untracked 
| 142|0x00000000a8e00000, 0x00000000a8e00000, 0x00000000a8f00000|  0%| F|  |TAMS 0x00000000a8e00000, 0x00000000a8e00000| Untracked 
| 143|0x00000000a8f00000, 0x00000000a8f00000, 0x00000000a9000000|  0%| F|  |TAMS 0x00000000a8f00000, 0x00000000a8f00000| Untracked 
| 144|0x00000000a9000000, 0x00000000a9000000, 0x00000000a9100000|  0%| F|  |TAMS 0x00000000a9000000, 0x00000000a9000000| Untracked 
| 145|0x00000000a9100000, 0x00000000a9100000, 0x00000000a9200000|  0%| F|  |TAMS 0x00000000a9100000, 0x00000000a9100000| Untracked 
| 146|0x00000000a9200000, 0x00000000a9200000, 0x00000000a9300000|  0%| F|  |TAMS 0x00000000a9200000, 0x00000000a9200000| Untracked 
| 147|0x00000000a9300000, 0x00000000a9300000, 0x00000000a9400000|  0%| F|  |TAMS 0x00000000a9300000, 0x00000000a9300000| Untracked 
| 148|0x00000000a9400000, 0x00000000a9400000, 0x00000000a9500000|  0%| F|  |TAMS 0x00000000a9400000, 0x00000000a9400000| Untracked 
| 149|0x00000000a9500000, 0x00000000a9500000, 0x00000000a9600000|  0%| F|  |TAMS 0x00000000a9500000, 0x00000000a9500000| Untracked 
| 150|0x00000000a9600000, 0x00000000a9600000, 0x00000000a9700000|  0%| F|  |TAMS 0x00000000a9600000, 0x00000000a9600000| Untracked 
| 151|0x00000000a9700000, 0x00000000a9700000, 0x00000000a9800000|  0%| F|  |TAMS 0x00000000a9700000, 0x00000000a9700000| Untracked 
| 152|0x00000000a9800000, 0x00000000a9800000, 0x00000000a9900000|  0%| F|  |TAMS 0x00000000a9800000, 0x00000000a9800000| Untracked 
| 153|0x00000000a9900000, 0x00000000a9a00000, 0x00000000a9a00000|100%| E|  |TAMS 0x00000000a9900000, 0x00000000a9900000| Complete 
| 154|0x00000000a9a00000, 0x00000000a9b00000, 0x00000000a9b00000|100%| E|CS|TAMS 0x00000000a9a00000, 0x00000000a9a00000| Complete 
| 155|0x00000000a9b00000, 0x00000000a9c00000, 0x00000000a9c00000|100%| E|CS|TAMS 0x00000000a9b00000, 0x00000000a9b00000| Complete 
| 156|0x00000000a9c00000, 0x00000000a9d00000, 0x00000000a9d00000|100%| E|CS|TAMS 0x00000000a9c00000, 0x00000000a9c00000| Complete 
| 157|0x00000000a9d00000, 0x00000000a9e00000, 0x00000000a9e00000|100%| E|CS|TAMS 0x00000000a9d00000, 0x00000000a9d00000| Complete 
| 158|0x00000000a9e00000, 0x00000000a9f00000, 0x00000000a9f00000|100%| E|CS|TAMS 0x00000000a9e00000, 0x00000000a9e00000| Complete 
| 159|0x00000000a9f00000, 0x00000000aa000000, 0x00000000aa000000|100%| E|CS|TAMS 0x00000000a9f00000, 0x00000000a9f00000| Complete 
| 160|0x00000000aa000000, 0x00000000aa100000, 0x00000000aa100000|100%| E|CS|TAMS 0x00000000aa000000, 0x00000000aa000000| Complete 
| 161|0x00000000aa100000, 0x00000000aa200000, 0x00000000aa200000|100%| E|CS|TAMS 0x00000000aa100000, 0x00000000aa100000| Complete 
| 162|0x00000000aa200000, 0x00000000aa300000, 0x00000000aa300000|100%| E|CS|TAMS 0x00000000aa200000, 0x00000000aa200000| Complete 
| 163|0x00000000aa300000, 0x00000000aa400000, 0x00000000aa400000|100%| E|CS|TAMS 0x00000000aa300000, 0x00000000aa300000| Complete 
| 164|0x00000000aa400000, 0x00000000aa500000, 0x00000000aa500000|100%| E|CS|TAMS 0x00000000aa400000, 0x00000000aa400000| Complete 
| 165|0x00000000aa500000, 0x00000000aa600000, 0x00000000aa600000|100%| E|CS|TAMS 0x00000000aa500000, 0x00000000aa500000| Complete 
| 166|0x00000000aa600000, 0x00000000aa700000, 0x00000000aa700000|100%| E|CS|TAMS 0x00000000aa600000, 0x00000000aa600000| Complete 
| 167|0x00000000aa700000, 0x00000000aa800000, 0x00000000aa800000|100%| E|CS|TAMS 0x00000000aa700000, 0x00000000aa700000| Complete 
| 168|0x00000000aa800000, 0x00000000aa900000, 0x00000000aa900000|100%| E|CS|TAMS 0x00000000aa800000, 0x00000000aa800000| Complete 
| 169|0x00000000aa900000, 0x00000000aaa00000, 0x00000000aaa00000|100%| E|CS|TAMS 0x00000000aa900000, 0x00000000aa900000| Complete 
| 170|0x00000000aaa00000, 0x00000000aab00000, 0x00000000aab00000|100%| E|CS|TAMS 0x00000000aaa00000, 0x00000000aaa00000| Complete 
| 171|0x00000000aab00000, 0x00000000aac00000, 0x00000000aac00000|100%| E|CS|TAMS 0x00000000aab00000, 0x00000000aab00000| Complete 
| 172|0x00000000aac00000, 0x00000000aad00000, 0x00000000aad00000|100%| E|CS|TAMS 0x00000000aac00000, 0x00000000aac00000| Complete 
| 173|0x00000000aad00000, 0x00000000aae00000, 0x00000000aae00000|100%| E|CS|TAMS 0x00000000aad00000, 0x00000000aad00000| Complete 
| 174|0x00000000aae00000, 0x00000000aaf00000, 0x00000000aaf00000|100%| E|CS|TAMS 0x00000000aae00000, 0x00000000aae00000| Complete 
| 175|0x00000000aaf00000, 0x00000000ab000000, 0x00000000ab000000|100%| E|CS|TAMS 0x00000000aaf00000, 0x00000000aaf00000| Complete 
| 176|0x00000000ab000000, 0x00000000ab100000, 0x00000000ab100000|100%| E|CS|TAMS 0x00000000ab000000, 0x00000000ab000000| Complete 
| 177|0x00000000ab100000, 0x00000000ab200000, 0x00000000ab200000|100%| E|CS|TAMS 0x00000000ab100000, 0x00000000ab100000| Complete 
| 178|0x00000000ab200000, 0x00000000ab300000, 0x00000000ab300000|100%| E|CS|TAMS 0x00000000ab200000, 0x00000000ab200000| Complete 
| 179|0x00000000ab300000, 0x00000000ab38ce10, 0x00000000ab400000| 55%| S|CS|TAMS 0x00000000ab300000, 0x00000000ab300000| Complete 
| 180|0x00000000ab400000, 0x00000000ab500000, 0x00000000ab500000|100%| S|CS|TAMS 0x00000000ab400000, 0x00000000ab400000| Complete 
| 181|0x00000000ab500000, 0x00000000ab600000, 0x00000000ab600000|100%| E|CS|TAMS 0x00000000ab500000, 0x00000000ab500000| Complete 
| 182|0x00000000ab600000, 0x00000000ab700000, 0x00000000ab700000|100%| E|CS|TAMS 0x00000000ab600000, 0x00000000ab600000| Complete 
| 183|0x00000000ab700000, 0x00000000ab800000, 0x00000000ab800000|100%| E|CS|TAMS 0x00000000ab700000, 0x00000000ab700000| Complete 
| 184|0x00000000ab800000, 0x00000000ab900000, 0x00000000ab900000|100%| E|CS|TAMS 0x00000000ab800000, 0x00000000ab800000| Complete 
| 185|0x00000000ab900000, 0x00000000aba00000, 0x00000000aba00000|100%| E|CS|TAMS 0x00000000ab900000, 0x00000000ab900000| Complete 
| 186|0x00000000aba00000, 0x00000000abb00000, 0x00000000abb00000|100%| E|CS|TAMS 0x00000000aba00000, 0x00000000aba00000| Complete 
| 187|0x00000000abb00000, 0x00000000abc00000, 0x00000000abc00000|100%| E|CS|TAMS 0x00000000abb00000, 0x00000000abb00000| Complete 
| 188|0x00000000abc00000, 0x00000000abd00000, 0x00000000abd00000|100%| E|CS|TAMS 0x00000000abc00000, 0x00000000abc00000| Complete 
| 189|0x00000000abd00000, 0x00000000abe00000, 0x00000000abe00000|100%| E|CS|TAMS 0x00000000abd00000, 0x00000000abd00000| Complete 

Card table byte_map: [0x000001f67e4a0000,0x000001f67e7a0000] _byte_map_base: 0x000001f67dfa0000

Marking Bits (Prev, Next): (CMBitMap*) 0x000001f6784674e0, (CMBitMap*) 0x000001f6784674a8
 Prev Bits: [0x000001f610800000, 0x000001f612000000)
 Next Bits: [0x000001f60f000000, 0x000001f610800000)

Polling page: 0x000001f678510000

Metaspace:

Usage:
  Non-class:     78.36 MB capacity,    75.62 MB ( 96%) used,     2.47 MB (  3%) free+waste,   288.13 KB ( <1%) overhead. 
      Class:     12.53 MB capacity,    11.28 MB ( 90%) used,     1.12 MB (  9%) free+waste,   135.00 KB (  1%) overhead. 
       Both:     90.89 MB capacity,    86.90 MB ( 96%) used,     3.58 MB (  4%) free+waste,   423.13 KB ( <1%) overhead. 

Virtual space:
  Non-class space:       80.00 MB reserved,      78.45 MB ( 98%) committed 
      Class space:        1.00 GB reserved,      12.63 MB (  1%) committed 
             Both:        1.08 GB reserved,      91.07 MB (  8%) committed 

Chunk freelists:
   Non-Class:  0 bytes
       Class:  0 bytes
        Both:  0 bytes

MaxMetaspaceSize: 17179869184.00 GB
CompressedClassSpaceSize: 1.00 GB

CodeHeap 'non-profiled nmethods': size=120000Kb used=9228Kb max_used=9228Kb free=110771Kb
 bounds [0x000001f607ad0000, 0x000001f6083e0000, 0x000001f60f000000]
CodeHeap 'profiled nmethods': size=120000Kb used=29168Kb max_used=29168Kb free=90831Kb
 bounds [0x000001f6005a0000, 0x000001f602220000, 0x000001f607ad0000]
CodeHeap 'non-nmethods': size=5760Kb used=2312Kb max_used=2383Kb free=3448Kb
 bounds [0x000001f600000000, 0x000001f600270000, 0x000001f6005a0000]
 total_blobs=14146 nmethods=13275 adapters=779
 compilation: enabled
              stopped_count=0, restarted_count=0
 full_count=0

Compilation events (20 events):
Event: 761.631 Thread 0x000001f614065000 13350       2       org.gradle.api.internal.artifacts.dsl.ComponentMetadataRuleContainer::isEmpty (10 bytes)
Event: 761.631 Thread 0x000001f614065000 nmethod 13350 0x000001f60220ff90 code [0x000001f602210140, 0x000001f602210268]
Event: 761.631 Thread 0x000001f614065000 13352       2       java.lang.Integer::getInteger (19 bytes)
Event: 761.632 Thread 0x000001f614065000 nmethod 13352 0x000001f602210310 code [0x000001f602210540, 0x000001f602210968]
Event: 761.632 Thread 0x000001f614065000 13353       2       org.gradle.api.internal.file.AbstractFileResolver::resolveUri (6 bytes)
Event: 761.632 Thread 0x000001f614065000 nmethod 13353 0x000001f602210d10 code [0x000001f602210ec0, 0x000001f602210fc8]
Event: 761.632 Thread 0x000001f614065000 13351       1       org.gradle.internal.resource.transport.ResourceConnectorRepositoryTransport::getResourceAccessor (5 bytes)
Event: 761.632 Thread 0x000001f614065000 nmethod 13351 0x000001f6083c6f10 code [0x000001f6083c70c0, 0x000001f6083c7178]
Event: 761.632 Thread 0x000001f614065000 13355   !   2       java.net.URI$Parser::parseAuthority (257 bytes)
Event: 761.633 Thread 0x000001f614065000 nmethod 13355 0x000001f602211090 code [0x000001f602211340, 0x000001f602211c78]
Event: 761.633 Thread 0x000001f614065000 13356   !   2       java.net.URI$Parser::parseIPv4Address (67 bytes)
Event: 761.633 Thread 0x000001f614065000 nmethod 13356 0x000001f602212390 code [0x000001f602212580, 0x000001f6022129d8]
Event: 761.633 Thread 0x000001f614065000 13357       2       com.google.common.collect.Iterators$5::computeNext (45 bytes)
Event: 761.633 Thread 0x000001f614065000 nmethod 13357 0x000001f602212d10 code [0x000001f602212f00, 0x000001f602213188]
Event: 761.633 Thread 0x000001f614065000 13358       2       com.google.common.collect.AbstractIterator::tryToComputeNext (36 bytes)
Event: 761.634 Thread 0x000001f614065000 nmethod 13358 0x000001f602213290 code [0x000001f602213460, 0x000001f6022136e8]
Event: 761.634 Thread 0x000001f614065000 13354       1       org.gradle.api.internal.artifacts.repositories.AuthenticationSupporter::getAuthentication (5 bytes)
Event: 761.634 Thread 0x000001f614065000 nmethod 13354 0x000001f6083c7210 code [0x000001f6083c73c0, 0x000001f6083c7478]
Event: 761.639 Thread 0x000001f6180fb800 nmethod 13102 0x000001f6083c7510 code [0x000001f6083c7980, 0x000001f6083cc788]
Event: 761.639 Thread 0x000001f6180fb800 13297 % !   4       java.io.LineNumberReader::read @ 20 (119 bytes)

GC Heap History (20 events):
Event: 12.808 GC heap before
{Heap before GC invocations=15 (full 0):
 garbage-first heap   total 194560K, used 153327K [0x00000000a0000000, 0x0000000100000000)
  region size 1024K, 61 young (62464K), 10 survivors (10240K)
 Metaspace       used 81723K, capacity 85072K, committed 85196K, reserved 1122304K
  class space    used 10663K, capacity 11703K, committed 11776K, reserved 1048576K
}
Event: 12.820 GC heap after
{Heap after GC invocations=16 (full 0):
 garbage-first heap   total 194560K, used 107842K [0x00000000a0000000, 0x0000000100000000)
  region size 1024K, 6 young (6144K), 6 survivors (6144K)
 Metaspace       used 81723K, capacity 85072K, committed 85196K, reserved 1122304K
  class space    used 10663K, capacity 11703K, committed 11776K, reserved 1048576K
}
Event: 13.596 GC heap before
{Heap before GC invocations=17 (full 0):
 garbage-first heap   total 194560K, used 155970K [0x00000000a0000000, 0x0000000100000000)
  region size 1024K, 53 young (54272K), 6 survivors (6144K)
 Metaspace       used 83610K, capacity 87103K, committed 87244K, reserved 1124352K
  class space    used 10852K, capacity 11911K, committed 12032K, reserved 1048576K
}
Event: 13.606 GC heap after
{Heap after GC invocations=18 (full 0):
 garbage-first heap   total 194560K, used 116956K [0x00000000a0000000, 0x0000000100000000)
  region size 1024K, 7 young (7168K), 7 survivors (7168K)
 Metaspace       used 83610K, capacity 87103K, committed 87244K, reserved 1124352K
  class space    used 10852K, capacity 11911K, committed 12032K, reserved 1048576K
}
Event: 14.015 GC heap before
{Heap before GC invocations=18 (full 0):
 garbage-first heap   total 194560K, used 156892K [0x00000000a0000000, 0x0000000100000000)
  region size 1024K, 46 young (47104K), 7 survivors (7168K)
 Metaspace       used 84990K, capacity 88513K, committed 88652K, reserved 1126400K
  class space    used 11036K, capacity 12117K, committed 12160K, reserved 1048576K
}
Event: 14.026 GC heap after
{Heap after GC invocations=19 (full 0):
 garbage-first heap   total 194560K, used 123128K [0x00000000a0000000, 0x0000000100000000)
  region size 1024K, 6 young (6144K), 6 survivors (6144K)
 Metaspace       used 84990K, capacity 88513K, committed 88652K, reserved 1126400K
  class space    used 11036K, capacity 12117K, committed 12160K, reserved 1048576K
}
Event: 14.852 GC heap before
{Heap before GC invocations=20 (full 0):
 garbage-first heap   total 194560K, used 157944K [0x00000000a0000000, 0x0000000100000000)
  region size 1024K, 41 young (41984K), 6 survivors (6144K)
 Metaspace       used 85779K, capacity 89467K, committed 89676K, reserved 1126400K
  class space    used 11180K, capacity 12306K, committed 12416K, reserved 1048576K
}
Event: 14.858 GC heap after
{Heap after GC invocations=21 (full 0):
 garbage-first heap   total 194560K, used 126522K [0x00000000a0000000, 0x0000000100000000)
  region size 1024K, 4 young (4096K), 4 survivors (4096K)
 Metaspace       used 85779K, capacity 89467K, committed 89676K, reserved 1126400K
  class space    used 11180K, capacity 12306K, committed 12416K, reserved 1048576K
}
Event: 301.751 GC heap before
{Heap before GC invocations=21 (full 0):
 garbage-first heap   total 194560K, used 159290K [0x00000000a0000000, 0x0000000100000000)
  region size 1024K, 37 young (37888K), 4 survivors (4096K)
 Metaspace       used 87665K, capacity 91551K, committed 91724K, reserved 1128448K
  class space    used 11448K, capacity 12644K, committed 12672K, reserved 1048576K
}
Event: 301.767 GC heap after
{Heap after GC invocations=22 (full 0):
 garbage-first heap   total 194560K, used 126897K [0x00000000a0000000, 0x0000000100000000)
  region size 1024K, 2 young (2048K), 2 survivors (2048K)
 Metaspace       used 87665K, capacity 91551K, committed 91724K, reserved 1128448K
  class space    used 11448K, capacity 12644K, committed 12672K, reserved 1048576K
}
Event: 760.260 GC heap before
{Heap before GC invocations=23 (full 0):
 garbage-first heap   total 194560K, used 161713K [0x00000000a0000000, 0x0000000100000000)
  region size 1024K, 37 young (37888K), 2 survivors (2048K)
 Metaspace       used 87957K, capacity 91916K, committed 91980K, reserved 1128448K
  class space    used 11463K, capacity 12667K, committed 12672K, reserved 1048576K
}
Event: 760.264 GC heap after
{Heap after GC invocations=24 (full 0):
 garbage-first heap   total 194560K, used 129500K [0x00000000a0000000, 0x0000000100000000)
  region size 1024K, 5 young (5120K), 5 survivors (5120K)
 Metaspace       used 87957K, capacity 91916K, committed 91980K, reserved 1128448K
  class space    used 11463K, capacity 12667K, committed 12672K, reserved 1048576K
}
Event: 760.688 GC heap before
{Heap before GC invocations=24 (full 0):
 garbage-first heap   total 194560K, used 162268K [0x00000000a0000000, 0x0000000100000000)
  region size 1024K, 38 young (38912K), 5 survivors (5120K)
 Metaspace       used 88169K, capacity 92130K, committed 92364K, reserved 1128448K
  class space    used 11474K, capacity 12688K, committed 12800K, reserved 1048576K
}
Event: 760.716 GC heap after
{Heap after GC invocations=25 (full 0):
 garbage-first heap   total 194560K, used 133061K [0x00000000a0000000, 0x0000000100000000)
  region size 1024K, 5 young (5120K), 5 survivors (5120K)
 Metaspace       used 88169K, capacity 92130K, committed 92364K, reserved 1128448K
  class space    used 11474K, capacity 12688K, committed 12800K, reserved 1048576K
}
Event: 761.079 GC heap before
{Heap before GC invocations=26 (full 0):
 garbage-first heap   total 194560K, used 163781K [0x00000000a0000000, 0x0000000100000000)
  region size 1024K, 35 young (35840K), 5 survivors (5120K)
 Metaspace       used 88397K, capacity 92424K, committed 92620K, reserved 1128448K
  class space    used 11496K, capacity 12728K, committed 12800K, reserved 1048576K
}
Event: 761.089 GC heap after
{Heap after GC invocations=27 (full 0):
 garbage-first heap   total 194560K, used 138499K [0x00000000a0000000, 0x0000000100000000)
  region size 1024K, 5 young (5120K), 5 survivors (5120K)
 Metaspace       used 88397K, capacity 92424K, committed 92620K, reserved 1128448K
  class space    used 11496K, capacity 12728K, committed 12800K, reserved 1048576K
}
Event: 761.134 GC heap before
{Heap before GC invocations=27 (full 0):
 garbage-first heap   total 194560K, used 142595K [0x00000000a0000000, 0x0000000100000000)
  region size 1024K, 9 young (9216K), 5 survivors (5120K)
 Metaspace       used 88420K, capacity 92431K, committed 92620K, reserved 1128448K
  class space    used 11497K, capacity 12729K, committed 12800K, reserved 1048576K
}
Event: 761.142 GC heap after
{Heap after GC invocations=28 (full 0):
 garbage-first heap   total 194560K, used 123292K [0x00000000a0000000, 0x0000000100000000)
  region size 1024K, 2 young (2048K), 2 survivors (2048K)
 Metaspace       used 88420K, capacity 92431K, committed 92620K, reserved 1128448K
  class space    used 11497K, capacity 12729K, committed 12800K, reserved 1048576K
}
Event: 761.212 GC heap before
{Heap before GC invocations=28 (full 0):
 garbage-first heap   total 194560K, used 129436K [0x00000000a0000000, 0x0000000100000000)
  region size 1024K, 9 young (9216K), 2 survivors (2048K)
 Metaspace       used 88699K, capacity 92810K, committed 92876K, reserved 1130496K
  class space    used 11533K, capacity 12796K, committed 12800K, reserved 1048576K
}
Event: 761.222 GC heap after
{Heap after GC invocations=29 (full 0):
 garbage-first heap   total 194560K, used 117775K [0x00000000a0000000, 0x0000000100000000)
  region size 1024K, 2 young (2048K), 2 survivors (2048K)
 Metaspace       used 88699K, capacity 92810K, committed 92876K, reserved 1130496K
  class space    used 11533K, capacity 12796K, committed 12800K, reserved 1048576K
}

Deoptimization events (20 events):
Event: 761.589 Thread 0x000001f61642f800 DEOPT PACKING pc=0x000001f601a7fca9 sp=0x000000f1368fa890
Event: 761.589 Thread 0x000001f61642f800 DEOPT UNPACKING pc=0x000001f600026dde sp=0x000000f1368f9d58 mode 0
Event: 761.589 Thread 0x000001f61642f800 DEOPT PACKING pc=0x000001f601c7d2b0 sp=0x000000f1368fa6b0
Event: 761.590 Thread 0x000001f61642f800 DEOPT UNPACKING pc=0x000001f600026dde sp=0x000000f1368f9bf0 mode 0
Event: 761.590 Thread 0x000001f61642f800 DEOPT PACKING pc=0x000001f601a7fca9 sp=0x000000f1368fa890
Event: 761.590 Thread 0x000001f61642f800 DEOPT UNPACKING pc=0x000001f600026dde sp=0x000000f1368f9d58 mode 0
Event: 761.608 Thread 0x000001f61642f800 DEOPT PACKING pc=0x000001f601c7d2b0 sp=0x000000f1368fa680
Event: 761.608 Thread 0x000001f61642f800 DEOPT UNPACKING pc=0x000001f600026dde sp=0x000000f1368f9bc0 mode 0
Event: 761.609 Thread 0x000001f61642f800 DEOPT PACKING pc=0x000001f601a7fca9 sp=0x000000f1368fa700
Event: 761.609 Thread 0x000001f61642f800 DEOPT UNPACKING pc=0x000001f600026dde sp=0x000000f1368f9bc8 mode 0
Event: 761.609 Thread 0x000001f61642f800 DEOPT PACKING pc=0x000001f601c7d2b0 sp=0x000000f1368fa5b0
Event: 761.609 Thread 0x000001f61642f800 DEOPT UNPACKING pc=0x000001f600026dde sp=0x000000f1368f9af0 mode 0
Event: 761.609 Thread 0x000001f61642f800 DEOPT PACKING pc=0x000001f601a7fca9 sp=0x000000f1368fa700
Event: 761.609 Thread 0x000001f61642f800 DEOPT UNPACKING pc=0x000001f600026dde sp=0x000000f1368f9bc8 mode 0
Event: 761.631 Thread 0x000001f61642f800 Uncommon trap: trap_request=0xffffff4d fr.pc=0x000001f6081f6a00 relative=0x0000000000000120
Event: 761.631 Thread 0x000001f61642f800 Uncommon trap: reason=unstable_if action=reinterpret pc=0x000001f6081f6a00 method=com.google.common.collect.MapMakerInternalMap$Segment.getEntry(Ljava/lang/Object;I)Lcom/google/common/collect/MapMakerInternalMap$InternalEntry; @ 40 c2
Event: 761.631 Thread 0x000001f61642f800 DEOPT PACKING pc=0x000001f6081f6a00 sp=0x000000f1368f9830
Event: 761.631 Thread 0x000001f61642f800 DEOPT UNPACKING pc=0x000001f60002662f sp=0x000000f1368f97e8 mode 2
Event: 761.631 Thread 0x000001f61642f800 DEOPT PACKING pc=0x000001f600f93871 sp=0x000000f1368f9300
Event: 761.631 Thread 0x000001f61642f800 DEOPT UNPACKING pc=0x000001f600026dde sp=0x000000f1368f87f8 mode 0

Classes redefined (0 events):
No events

Internal exceptions (20 events):
Event: 20.714 Thread 0x000001f616437000 Exception <a 'java/lang/NoSuchMethodError'{0x00000000aaff8f78}: 'void java.lang.invoke.DirectMethodHandle$Holder.invokeStatic(java.lang.Object, java.lang.Object, java.lang.Object, java.lang.Object, java.lang.Object, java.lang.Object, java.lang.Object)'> (0x00000000aaff8f78) thrown at [./src/hotspot/share/interpreter/linkResolver.cpp, line 773]
Event: 20.744 Thread 0x000001f615893000 Exception <a 'java/lang/NoSuchMethodError'{0x00000000aac83c38}: 'int java.lang.invoke.DirectMethodHandle$Holder.invokeVirtual(java.lang.Object, java.lang.Object, java.lang.Object)'> (0x00000000aac83c38) thrown at [./src/hotspot/share/interpreter/linkResolver.cpp, line 773]
Event: 20.772 Thread 0x000001f615893000 Implicit null exception at 0x000001f607f133c0 to 0x000001f607f13c20
Event: 20.772 Thread 0x000001f615893000 Implicit null exception at 0x000001f608018e2f to 0x000001f608018e7c
Event: 20.772 Thread 0x000001f615893000 Implicit null exception at 0x000001f60812a3cc to 0x000001f60812a3fc
Event: 20.827 Thread 0x000001f615893000 Implicit null exception at 0x000001f60818a26c to 0x000001f60818a438
Event: 20.827 Thread 0x000001f615893000 Implicit null exception at 0x000001f60819263b to 0x000001f608193278
Event: 20.872 Thread 0x000001f616d27800 Exception <a 'java/lang/NoSuchMethodError'{0x00000000aa3282f8}: <clinit>> (0x00000000aa3282f8) thrown at [./src/hotspot/share/prims/jni.cpp, line 1362]
Event: 20.873 Thread 0x000001f616d27800 Exception <a 'java/lang/NoSuchMethodError'{0x00000000aa340b60}: <clinit>> (0x00000000aa340b60) thrown at [./src/hotspot/share/prims/jni.cpp, line 1362]
Event: 20.873 Thread 0x000001f616d27800 Exception <a 'java/lang/NoSuchMethodError'{0x00000000aa342248}: <clinit>> (0x00000000aa342248) thrown at [./src/hotspot/share/prims/jni.cpp, line 1362]
Event: 20.873 Thread 0x000001f616d27800 Exception <a 'java/lang/NoSuchMethodError'{0x00000000aa354660}: <clinit>> (0x00000000aa354660) thrown at [./src/hotspot/share/prims/jni.cpp, line 1362]
Event: 20.874 Thread 0x000001f616d27800 Exception <a 'java/lang/NoSuchMethodError'{0x00000000aa360a08}: <clinit>> (0x00000000aa360a08) thrown at [./src/hotspot/share/prims/jni.cpp, line 1362]
Event: 21.747 Thread 0x000001f614478800 Implicit null exception at 0x000001f607b0b0f7 to 0x000001f607b0b5f0
Event: 21.748 Thread 0x000001f614478800 Implicit null exception at 0x000001f607eb46f4 to 0x000001f607eb4d10
Event: 760.166 Thread 0x000001f61642f800 Exception <a 'sun/nio/fs/WindowsException'{0x00000000aa0f3820}> (0x00000000aa0f3820) thrown at [./src/hotspot/share/prims/jni.cpp, line 615]
Event: 761.244 Thread 0x000001f61642f800 Exception <a 'sun/nio/fs/WindowsException'{0x00000000aba87f08}> (0x00000000aba87f08) thrown at [./src/hotspot/share/prims/jni.cpp, line 615]
Event: 761.303 Thread 0x000001f61642f800 Exception <a 'sun/nio/fs/WindowsException'{0x00000000ab929310}> (0x00000000ab929310) thrown at [./src/hotspot/share/prims/jni.cpp, line 615]
Event: 761.303 Thread 0x000001f61642f800 Exception <a 'sun/nio/fs/WindowsException'{0x00000000ab92a350}> (0x00000000ab92a350) thrown at [./src/hotspot/share/prims/jni.cpp, line 615]
Event: 761.304 Thread 0x000001f61642f800 Exception <a 'sun/nio/fs/WindowsException'{0x00000000ab92b3e0}> (0x00000000ab92b3e0) thrown at [./src/hotspot/share/prims/jni.cpp, line 615]
Event: 761.304 Thread 0x000001f61642f800 Exception <a 'sun/nio/fs/WindowsException'{0x00000000ab92c470}> (0x00000000ab92c470) thrown at [./src/hotspot/share/prims/jni.cpp, line 615]

Events (20 events):
Event: 760.901 Executing VM operation: RevokeBias
Event: 760.901 Executing VM operation: RevokeBias done
Event: 761.079 Executing VM operation: G1CollectForAllocation
Event: 761.089 Executing VM operation: G1CollectForAllocation done
Event: 761.090 Executing VM operation: RevokeBias
Event: 761.091 Executing VM operation: RevokeBias done
Event: 761.116 Executing VM operation: BulkRevokeBias
Event: 761.116 Executing VM operation: BulkRevokeBias done
Event: 761.134 Executing VM operation: G1CollectForAllocation
Event: 761.142 Executing VM operation: G1CollectForAllocation done
Event: 761.212 Executing VM operation: G1CollectForAllocation
Event: 761.222 Executing VM operation: G1CollectForAllocation done
Event: 761.237 Executing VM operation: RevokeBias
Event: 761.237 Executing VM operation: RevokeBias done
Event: 761.243 Executing VM operation: RevokeBias
Event: 761.243 Executing VM operation: RevokeBias done
Event: 761.246 Executing VM operation: RevokeBias
Event: 761.246 Executing VM operation: RevokeBias done
Event: 761.508 Executing VM operation: BulkRevokeBias
Event: 761.509 Executing VM operation: BulkRevokeBias done


Dynamic libraries:
0x00007ff788b50000 - 0x00007ff788b5a000 	C:\Program Files\Android\Android Studio\jre\bin\java.exe
0x00007ffaa36a0000 - 0x00007ffaa38a9000 	C:\WINDOWS\SYSTEM32\ntdll.dll
0x00007ffaa27e0000 - 0x00007ffaa289d000 	C:\WINDOWS\System32\KERNEL32.DLL
0x00007ffaa0f90000 - 0x00007ffaa1304000 	C:\WINDOWS\System32\KERNELBASE.dll
0x00007ffaa0d50000 - 0x00007ffaa0e61000 	C:\WINDOWS\System32\ucrtbase.dll
0x00007ffa8a680000 - 0x00007ffa8a699000 	C:\Program Files\Android\Android Studio\jre\bin\jli.dll
0x00007ffa8a6a0000 - 0x00007ffa8a6b7000 	C:\Program Files\Android\Android Studio\jre\bin\VCRUNTIME140.dll
0x00007ffaa2020000 - 0x00007ffaa21cc000 	C:\WINDOWS\System32\USER32.dll
0x00007ffa7ca00000 - 0x00007ffa7cca5000 	C:\WINDOWS\WinSxS\amd64_microsoft.windows.common-controls_6595b64144ccf1df_6.0.22000.120_none_9d947278b86cc467\COMCTL32.dll
0x00007ffaa0cb0000 - 0x00007ffaa0cd6000 	C:\WINDOWS\System32\win32u.dll
0x00007ffaa3410000 - 0x00007ffaa34b3000 	C:\WINDOWS\System32\msvcrt.dll
0x00007ffaa28f0000 - 0x00007ffaa2919000 	C:\WINDOWS\System32\GDI32.dll
0x00007ffaa0e70000 - 0x00007ffaa0f82000 	C:\WINDOWS\System32\gdi32full.dll
0x00007ffaa0b90000 - 0x00007ffaa0c2d000 	C:\WINDOWS\System32\msvcp_win.dll
0x00007ffaa28a0000 - 0x00007ffaa28d1000 	C:\WINDOWS\System32\IMM32.DLL
0x00007ffa79dc0000 - 0x00007ffa79e5d000 	C:\Program Files\Android\Android Studio\jre\bin\msvcp140.dll
0x00007ffa3ae90000 - 0x00007ffa3b965000 	C:\Program Files\Android\Android Studio\jre\bin\server\jvm.dll
0x00007ffaa2930000 - 0x00007ffaa29de000 	C:\WINDOWS\System32\ADVAPI32.dll
0x00007ffaa2740000 - 0x00007ffaa27de000 	C:\WINDOWS\System32\sechost.dll
0x00007ffaa3150000 - 0x00007ffaa3270000 	C:\WINDOWS\System32\RPCRT4.dll
0x00007ffaa28e0000 - 0x00007ffaa28e8000 	C:\WINDOWS\System32\PSAPI.DLL
0x00007ffa908a0000 - 0x00007ffa908a9000 	C:\WINDOWS\SYSTEM32\WSOCK32.dll
0x00007ffa9b780000 - 0x00007ffa9b7b3000 	C:\WINDOWS\SYSTEM32\WINMM.dll
0x00007ffaa2230000 - 0x00007ffaa229f000 	C:\WINDOWS\System32\WS2_32.dll
0x00007ffa99790000 - 0x00007ffa9979a000 	C:\WINDOWS\SYSTEM32\VERSION.dll
0x00007ffa9fc90000 - 0x00007ffa9fca8000 	C:\WINDOWS\SYSTEM32\kernel.appcore.dll
0x00007ffa87f90000 - 0x00007ffa87fa1000 	C:\Program Files\Android\Android Studio\jre\bin\verify.dll
0x00007ffa8cc40000 - 0x00007ffa8ce61000 	C:\WINDOWS\SYSTEM32\DBGHELP.DLL
0x00007ffa8b410000 - 0x00007ffa8b441000 	C:\WINDOWS\SYSTEM32\dbgcore.DLL
0x00007ffaa0c30000 - 0x00007ffaa0caf000 	C:\WINDOWS\System32\bcryptPrimitives.dll
0x00007ffa87f10000 - 0x00007ffa87f39000 	C:\Program Files\Android\Android Studio\jre\bin\java.dll
0x00007ffa880c0000 - 0x00007ffa880cb000 	C:\Program Files\Android\Android Studio\jre\bin\jimage.dll
0x00007ffa847a0000 - 0x00007ffa847b8000 	C:\Program Files\Android\Android Studio\jre\bin\zip.dll
0x00007ffaa1800000 - 0x00007ffaa1fae000 	C:\WINDOWS\System32\SHELL32.dll
0x00007ffa9ed00000 - 0x00007ffa9f567000 	C:\WINDOWS\SYSTEM32\windows.storage.dll
0x00007ffaa23c0000 - 0x00007ffaa2738000 	C:\WINDOWS\System32\combase.dll
0x00007ffa9eb90000 - 0x00007ffa9ecf6000 	C:\WINDOWS\SYSTEM32\wintypes.dll
0x00007ffaa1700000 - 0x00007ffaa17ea000 	C:\WINDOWS\System32\SHCORE.dll
0x00007ffaa2a60000 - 0x00007ffaa2abd000 	C:\WINDOWS\System32\shlwapi.dll
0x00007ffaa0ac0000 - 0x00007ffaa0ae1000 	C:\WINDOWS\SYSTEM32\profapi.dll
0x00007ffa84780000 - 0x00007ffa8479a000 	C:\Program Files\Android\Android Studio\jre\bin\net.dll
0x00007ffa9b1b0000 - 0x00007ffa9b2bc000 	C:\WINDOWS\SYSTEM32\WINHTTP.dll
0x00007ffaa00c0000 - 0x00007ffaa0127000 	C:\WINDOWS\system32\mswsock.dll
0x00007ffa7dab0000 - 0x00007ffa7dac4000 	C:\Program Files\Android\Android Studio\jre\bin\nio.dll
0x00007ffa87d50000 - 0x00007ffa87d77000 	C:\Users\ysham\.gradle\native\8bec1ad78214c89d9ad589b4d07fe93259594b29d510b10fafb7a158f7737e5d\windows-amd64\native-platform.dll
0x00007ffa4baa0000 - 0x00007ffa4bbdd000 	C:\Users\ysham\.gradle\native\53dbd7edfb1c66fb8903c78663c9afc45aea4f116125fa6feffd364cf09443e8\windows-amd64\native-platform-file-events.dll
0x00007ffa87f80000 - 0x00007ffa87f8a000 	C:\Program Files\Android\Android Studio\jre\bin\management.dll
0x00007ffa87f00000 - 0x00007ffa87f0d000 	C:\Program Files\Android\Android Studio\jre\bin\management_ext.dll
0x00007ffaa0310000 - 0x00007ffaa0328000 	C:\WINDOWS\SYSTEM32\CRYPTSP.dll
0x00007ffa9fbf0000 - 0x00007ffa9fc25000 	C:\WINDOWS\system32\rsaenh.dll
0x00007ffaa01b0000 - 0x00007ffaa01d9000 	C:\WINDOWS\SYSTEM32\USERENV.dll
0x00007ffaa0480000 - 0x00007ffaa04a7000 	C:\WINDOWS\SYSTEM32\bcrypt.dll
0x00007ffaa0300000 - 0x00007ffaa030c000 	C:\WINDOWS\SYSTEM32\CRYPTBASE.dll
0x00007ffa9f7c0000 - 0x00007ffa9f7ed000 	C:\WINDOWS\SYSTEM32\IPHLPAPI.DLL
0x00007ffaa1fb0000 - 0x00007ffaa1fb9000 	C:\WINDOWS\System32\NSI.dll
0x00007ffa9b4a0000 - 0x00007ffa9b4b9000 	C:\WINDOWS\SYSTEM32\dhcpcsvc6.DLL
0x00007ffa9b8f0000 - 0x00007ffa9b90e000 	C:\WINDOWS\SYSTEM32\dhcpcsvc.DLL
0x00007ffa9f7f0000 - 0x00007ffa9f8d7000 	C:\WINDOWS\SYSTEM32\DNSAPI.dll

dbghelp: loaded successfully - version: 4.0.5 - missing functions: none
symbol engine: initialized successfully - sym options: 0x614 - pdb path: .;C:\Program Files\Android\Android Studio\jre\bin;C:\WINDOWS\SYSTEM32;C:\WINDOWS\WinSxS\amd64_microsoft.windows.common-controls_6595b64144ccf1df_6.0.22000.120_none_9d947278b86cc467;C:\Program Files\Android\Android Studio\jre\bin\server;C:\Users\ysham\.gradle\native\8bec1ad78214c89d9ad589b4d07fe93259594b29d510b10fafb7a158f7737e5d\windows-amd64;C:\Users\ysham\.gradle\native\53dbd7edfb1c66fb8903c78663c9afc45aea4f116125fa6feffd364cf09443e8\windows-amd64

VM Arguments:
jvm_args: --add-opens=java.base/java.util=ALL-UNNAMED --add-opens=java.base/java.lang=ALL-UNNAMED --add-opens=java.base/java.lang.invoke=ALL-UNNAMED --add-opens=java.base/java.util=ALL-UNNAMED --add-opens=java.prefs/java.util.prefs=ALL-UNNAMED --add-opens=java.prefs/java.util.prefs=ALL-UNNAMED --add-opens=java.base/java.nio.charset=ALL-UNNAMED --add-opens=java.base/java.net=ALL-UNNAMED --add-opens=java.base/java.util.concurrent.atomic=ALL-UNNAMED -Xmx1536M -Dfile.encoding=windows-1252 -Duser.country=US -Duser.language=en -Duser.variant 
java_command: org.gradle.launcher.daemon.bootstrap.GradleDaemon 7.0.2
java_class_path (initial): C:\Users\ysham\.gradle\wrapper\dists\gradle-7.0.2-all\7era6s5ay7zsbhuvl0oc9g94s\gradle-7.0.2\lib\gradle-launcher-7.0.2.jar
Launcher Type: SUN_STANDARD

[Global flags]
     intx CICompilerCount                          = 4                                         {product} {ergonomic}
     uint ConcGCThreads                            = 2                                         {product} {ergonomic}
     uint G1ConcRefinementThreads                  = 8                                         {product} {ergonomic}
   size_t G1HeapRegionSize                         = 1048576                                   {product} {ergonomic}
    uintx GCDrainStackTargetSize                   = 64                                        {product} {ergonomic}
   size_t InitialHeapSize                          = 199229440                                 {product} {ergonomic}
   size_t MarkStackSize                            = 4194304                                   {product} {ergonomic}
   size_t MaxHeapSize                              = 1610612736                                {product} {command line}
   size_t MaxNewSize                               = 965738496                                 {product} {ergonomic}
   size_t MinHeapDeltaBytes                        = 1048576                                   {product} {ergonomic}
    uintx NonNMethodCodeHeapSize                   = 5836300                                {pd product} {ergonomic}
    uintx NonProfiledCodeHeapSize                  = 122910970                              {pd product} {ergonomic}
    uintx ProfiledCodeHeapSize                     = 122910970                              {pd product} {ergonomic}
    uintx ReservedCodeCacheSize                    = 251658240                              {pd product} {ergonomic}
     bool SegmentedCodeCache                       = true                                      {product} {ergonomic}
     bool UseCompressedClassPointers               = true                                 {lp64_product} {ergonomic}
     bool UseCompressedOops                        = true                                 {lp64_product} {ergonomic}
     bool UseG1GC                                  = true                                      {product} {ergonomic}
     bool UseLargePagesIndividualAllocation        = false                                  {pd product} {ergonomic}

Logging:
Log output configuration:
 #0: stdout all=warning uptime,level,tags
 #1: stderr all=off uptime,level,tags

Environment Variables:
JAVA_HOME=C:\Program Files\Android\Android Studio\jre
CLASSPATH=E:\Flutter\op123\android\\gradle\wrapper\gradle-wrapper.jar
PATH=C:\Program Files\Common Files\Oracle\Java\javapath;C:\WINDOWS\system32;C:\WINDOWS;C:\WINDOWS\System32\Wbem;C:\WINDOWS\System32\WindowsPowerShell\v1.0\;C:\WINDOWS\System32\OpenSSH\;C:\Program Files\Git\cmd;C:\Program Files\PuTTY\;C:\Program Files\dotnet\;C:\Users\ysham\AppData\Local\Microsoft\WindowsApps;C:\Users\ysham\AppData\Local\Programs\Microsoft VS Code\bin;C:\flutter\bin;E:\web\php;C:\Users\ysham\AppData\Local\ComposerSetup\bin;C:\Users\ysham\AppData\Roaming\Composer\vendor\bin;C:\Users\ysham\AppData\Local\GitHubDesktop\bin;C:\Users\ysham\.dotnet\tools;C:\flutter\bin\mingit\cmd
USERNAME=ysham
OS=Windows_NT
PROCESSOR_IDENTIFIER=Intel64 Family 6 Model 165 Stepping 3, GenuineIntel



---------------  S Y S T E M  ---------------

OS: Windows 10 , 64 bit Build 22000 (10.0.22000.434)
OS uptime: 0 days 12:56 hours

CPU:total 8 (initial active 8) (4 cores per cpu, 2 threads per core) family 6 model 165 stepping 3 microcode 0xe0, cmov, cx8, fxsr, mmx, sse, sse2, sse3, ssse3, sse4.1, sse4.2, popcnt, avx, avx2, aes, clmul, erms, 3dnowpref, lzcnt, ht, tsc, tscinvbit, bmi1, bmi2, adx, fma

Memory: 4k page, system-wide physical 12154M (510M free)
TotalPageFile size 12154M (AvailPageFile size 8M)
current process WorkingSet (physical memory assigned to process): 357M, peak: 482M
current process commit charge ("private bytes"): 536M, peak: 542M

vm_info: OpenJDK 64-Bit Server VM (11.0.11+9-b60-7590822) for windows-amd64 JRE (11.0.11+9-b60-7590822), built on Jul 29 2021 21:43:44 by "builder" with MS VC++ 14.0 (VS2015)

END.
